# JRE version: OpenJDK Runtime Environment (8.0_112-b06) (build 1.8.0_112-release-b06)
# Java VM: OpenJDK 64-Bit Server VM (25.112-b06 mixed mode windows-amd64 compressed oops)
Heap:
 PSYoungGen      total 54272K, used 23859K [0x00000000e0000000, 0x00000000e3c80000, 0x0000000100000000)
  eden space 46592K, 51% used [0x00000000e0000000,0x00000000e174cd80,0x00000000e2d80000)
  from space 7680K, 0% used [0x00000000e3480000,0x00000000e3480000,0x00000000e3c00000)
  to   space 7168K, 0% used [0x00000000e2d80000,0x00000000e2d80000,0x00000000e3480000)
 ParOldGen       total 52224K, used 14005K [0x00000000a0000000, 0x00000000a3300000, 0x00000000e0000000)
  object space 52224K, 26% used [0x00000000a0000000,0x00000000a0dad4c8,0x00000000a3300000)
 Metaspace       used 34819K, capacity 35500K, committed 35712K, reserved 1079296K
  class space    used 4678K, capacity 4877K, committed 4992K, reserved 1048576K
GC Heap History (10 events):
Event: 29.854 GC heap before
{Heap before GC invocations=14 (full 1):
 PSYoungGen      total 35840K, used 33589K [0x00000000e0000000, 0x00000000e2980000, 0x0000000100000000)
  eden space 29184K, 100% used [0x00000000e0000000,0x00000000e1c80000,0x00000000e1c80000)
  from space 6656K, 66% used [0x00000000e2300000,0x00000000e274d478,0x00000000e2980000)
  to   space 6656K, 0% used [0x00000000e1c80000,0x00000000e1c80000,0x00000000e2300000)
 ParOldGen       total 34816K, used 9102K [0x00000000a0000000, 0x00000000a2200000, 0x00000000e0000000)
  object space 34816K, 26% used [0x00000000a0000000,0x00000000a08e3958,0x00000000a2200000)
 Metaspace       used 29615K, capacity 30160K, committed 30464K, reserved 1075200K
  class space    used 4061K, capacity 4242K, committed 4352K, reserved 1048576K
Event: 29.867 GC heap after
Heap after GC invocations=14 (full 1):
 PSYoungGen      total 35840K, used 1936K [0x00000000e0000000, 0x00000000e3280000, 0x0000000100000000)
  eden space 29184K, 0% used [0x00000000e0000000,0x00000000e0000000,0x00000000e1c80000)
  from space 6656K, 29% used [0x00000000e1c80000,0x00000000e1e64020,0x00000000e2300000)
  to   space 6656K, 0% used [0x00000000e2c00000,0x00000000e2c00000,0x00000000e3280000)
 ParOldGen       total 34816K, used 12018K [0x00000000a0000000, 0x00000000a2200000, 0x00000000e0000000)
  object space 34816K, 34% used [0x00000000a0000000,0x00000000a0bbc830,0x00000000a2200000)
 Metaspace       used 29615K, capacity 30160K, committed 30464K, reserved 1075200K
  class space    used 4061K, capacity 4242K, committed 4352K, reserved 1048576K
}
Event: 43.293 GC heap before
{Heap before GC invocations=15 (full 1):
 PSYoungGen      total 35840K, used 31120K [0x00000000e0000000, 0x00000000e3280000, 0x0000000100000000)
  eden space 29184K, 100% used [0x00000000e0000000,0x00000000e1c80000,0x00000000e1c80000)
  from space 6656K, 29% used [0x00000000e1c80000,0x00000000e1e64020,0x00000000e2300000)
  to   space 6656K, 0% used [0x00000000e2c00000,0x00000000e2c00000,0x00000000e3280000)
 ParOldGen       total 34816K, used 12018K [0x00000000a0000000, 0x00000000a2200000, 0x00000000e0000000)
  object space 34816K, 34% used [0x00000000a0000000,0x00000000a0bbc830,0x00000000a2200000)
 Metaspace       used 29959K, capacity 30544K, committed 30720K, reserved 1075200K
  class space    used 4081K, capacity 4242K, committed 4352K, reserved 1048576K
Event: 43.299 GC heap after
Heap after GC invocations=15 (full 1):
 PSYoungGen      total 41984K, used 927K [0x00000000e0000000, 0x00000000e3100000, 0x0000000100000000)
  eden space 36864K, 0% used [0x00000000e0000000,0x00000000e0000000,0x00000000e2400000)
  from space 5120K, 18% used [0x00000000e2c00000,0x00000000e2ce7c10,0x00000000e3100000)
  to   space 6656K, 0% used [0x00000000e2400000,0x00000000e2400000,0x00000000e2a80000)
 ParOldGen       total 34816K, used 12738K [0x00000000a0000000, 0x00000000a2200000, 0x00000000e0000000)
  object space 34816K, 36% used [0x00000000a0000000,0x00000000a0c70850,0x00000000a2200000)
 Metaspace       used 29959K, capacity 30544K, committed 30720K, reserved 1075200K
  class space    used 4081K, capacity 4242K, committed 4352K, reserved 1048576K
}
Event: 45.080 GC heap before
{Heap before GC invocations=16 (full 1):
 PSYoungGen      total 41984K, used 37791K [0x00000000e0000000, 0x00000000e3100000, 0x0000000100000000)
  eden space 36864K, 100% used [0x00000000e0000000,0x00000000e2400000,0x00000000e2400000)
  from space 5120K, 18% used [0x00000000e2c00000,0x00000000e2ce7c10,0x00000000e3100000)
  to   space 6656K, 0% used [0x00000000e2400000,0x00000000e2400000,0x00000000e2a80000)
 ParOldGen       total 34816K, used 12738K [0x00000000a0000000, 0x00000000a2200000, 0x00000000e0000000)
  object space 34816K, 36% used [0x00000000a0000000,0x00000000a0c70850,0x00000000a2200000)
 Metaspace       used 34388K, capacity 35016K, committed 35328K, reserved 1079296K
  class space    used 4647K, capacity 4841K, committed 4864K, reserved 1048576K
Event: 45.088 GC heap after
Heap after GC invocations=16 (full 1):
 PSYoungGen      total 43520K, used 5833K [0x00000000e0000000, 0x00000000e3c00000, 0x0000000100000000)
  eden space 36864K, 0% used [0x00000000e0000000,0x00000000e0000000,0x00000000e2400000)
  from space 6656K, 87% used [0x00000000e2400000,0x00000000e29b2408,0x00000000e2a80000)
  to   space 7680K, 0% used [0x00000000e3480000,0x00000000e3480000,0x00000000e3c00000)
 ParOldGen       total 34816K, used 12746K [0x00000000a0000000, 0x00000000a2200000, 0x00000000e0000000)
  object space 34816K, 36% used [0x00000000a0000000,0x00000000a0c72850,0x00000000a2200000)
 Metaspace       used 34388K, capacity 35016K, committed 35328K, reserved 1079296K
  class space    used 4647K, capacity 4841K, committed 4864K, reserved 1048576K
}
Event: 45.444 GC heap before
{Heap before GC invocations=17 (full 1):
 PSYoungGen      total 43520K, used 10920K [0x00000000e0000000, 0x00000000e3c00000, 0x0000000100000000)
  eden space 36864K, 13% used [0x00000000e0000000,0x00000000e04f7c58,0x00000000e2400000)
  from space 6656K, 87% used [0x00000000e2400000,0x00000000e29b2408,0x00000000e2a80000)
  to   space 7680K, 0% used [0x00000000e3480000,0x00000000e3480000,0x00000000e3c00000)
 ParOldGen       total 34816K, used 12746K [0x00000000a0000000, 0x00000000a2200000, 0x00000000e0000000)
  object space 34816K, 36% used [0x00000000a0000000,0x00000000a0c72850,0x00000000a2200000)
 Metaspace       used 34615K, capacity 35244K, committed 35456K, reserved 1079296K
  class space    used 4661K, capacity 4877K, committed 4992K, reserved 1048576K
Event: 45.451 GC heap after
Heap after GC invocations=17 (full 1):
 PSYoungGen      total 54272K, used 2788K [0x00000000e0000000, 0x00000000e3c80000, 0x0000000100000000)
  eden space 46592K, 0% used [0x00000000e0000000,0x00000000e0000000,0x00000000e2d80000)
  from space 7680K, 36% used [0x00000000e3480000,0x00000000e3739388,0x00000000e3c00000)
  to   space 7168K, 0% used [0x00000000e2d80000,0x00000000e2d80000,0x00000000e3480000)
 ParOldGen       total 34816K, used 12754K [0x00000000a0000000, 0x00000000a2200000, 0x00000000e0000000)
  object space 34816K, 36% used [0x00000000a0000000,0x00000000a0c74850,0x00000000a2200000)
 Metaspace       used 34615K, capacity 35244K, committed 35456K, reserved 1079296K
  class space    used 4661K, capacity 4877K, committed 4992K, reserved 1048576K
}
Event: 45.451 GC heap before
{Heap before GC invocations=18 (full 2):
 PSYoungGen      total 54272K, used 2788K [0x00000000e0000000, 0x00000000e3c80000, 0x0000000100000000)
  eden space 46592K, 0% used [0x00000000e0000000,0x00000000e0000000,0x00000000e2d80000)
  from space 7680K, 36% used [0x00000000e3480000,0x00000000e3739388,0x00000000e3c00000)
  to   space 7168K, 0% used [0x00000000e2d80000,0x00000000e2d80000,0x00000000e3480000)
 ParOldGen       total 34816K, used 12754K [0x00000000a0000000, 0x00000000a2200000, 0x00000000e0000000)
  object space 34816K, 36% used [0x00000000a0000000,0x00000000a0c74850,0x00000000a2200000)
 Metaspace       used 34615K, capacity 35244K, committed 35456K, reserved 1079296K
  class space    used 4661K, capacity 4877K, committed 4992K, reserved 1048576K
Event: 45.563 GC heap after
Heap after GC invocations=18 (full 2):
 PSYoungGen      total 54272K, used 0K [0x00000000e0000000, 0x00000000e3c80000, 0x0000000100000000)
  eden space 46592K, 0% used [0x00000000e0000000,0x00000000e0000000,0x00000000e2d80000)
  from space 7680K, 0% used [0x00000000e3480000,0x00000000e3480000,0x00000000e3c00000)
  to   space 7168K, 0% used [0x00000000e2d80000,0x00000000e2d80000,0x00000000e3480000)
 ParOldGen       total 52224K, used 14005K [0x00000000a0000000, 0x00000000a3300000, 0x00000000e0000000)
  object space 52224K, 26% used [0x00000000a0000000,0x00000000a0dad4c8,0x00000000a3300000)
 Metaspace       used 34615K, capacity 35244K, committed 35456K, reserved 1079296K
  class space    used 4661K, capacity 4877K, committed 4992K, reserved 1048576K
}

